

================================================================
== Vivado HLS Report for 'fir_hw'
================================================================
* Date:           Thu Nov 12 11:48:51 2015

* Version:        2015.2 (Build 1266856 on Fri Jun 26 16:57:37 PM 2015)
* Project:        project1
* Solution:       solution1
* Product family: spartan6
* Target device:  xc6slx9tqg144-2


================================================================
== Performance Estimates
================================================================
+ Timing (ns): 
    * Summary: 
    +--------+-------+----------+------------+
    |  Clock | Target| Estimated| Uncertainty|
    +--------+-------+----------+------------+
    |ap_clk  |  10.00|      8.49|        1.25|
    +--------+-------+----------+------------+

+ Latency (clock cycles): 
    * Summary: 
    +-----+-----+-----+-----+---------+
    |  Latency  |  Interval | Pipeline|
    | min | max | min | max |   Type  |
    +-----+-----+-----+-----+---------+
    |  770|  770|  771|  771|   none  |
    +-----+-----+-----+-----+---------+

    + Detail: 
        * Instance: 
        N/A

        * Loop: 
        +----------+-----+-----+----------+-----------+-----------+------+----------+
        |          |  Latency  | Iteration|  Initiation Interval  | Trip |          |
        | Loop Name| min | max |  Latency |  achieved |   target  | Count| Pipelined|
        +----------+-----+-----+----------+-----------+-----------+------+----------+
        |- shift   |  254|  254|         2|          -|          -|   127|    no    |
        |- mac     |  512|  512|         4|          -|          -|   128|    no    |
        +----------+-----+-----+----------+-----------+-----------+------+----------+



================================================================
== Utilization Estimates
================================================================
* Summary: 
+-----------------+---------+-------+-------+------+
|       Name      | BRAM_18K| DSP48A|   FF  |  LUT |
+-----------------+---------+-------+-------+------+
|Expression       |        -|      -|      0|   176|
|FIFO             |        -|      -|      -|     -|
|Instance         |        -|      1|      -|     -|
|Memory           |        2|      -|      0|     0|
|Multiplexer      |        -|      -|      -|    83|
|Register         |        -|      -|    100|     -|
+-----------------+---------+-------+-------+------+
|Total            |        2|      1|    100|   259|
+-----------------+---------+-------+-------+------+
|Available        |       32|     16|  11440|  5720|
+-----------------+---------+-------+-------+------+
|Utilization (%)  |        6|      6|   ~0  |     4|
+-----------------+---------+-------+-------+------+

+ Detail: 
    * Instance: 
    +----------------------------+-------------------------+---------+-------+---+----+
    |          Instance          |          Module         | BRAM_18K| DSP48A| FF| LUT|
    +----------------------------+-------------------------+---------+-------+---+----+
    |fir_hw_mul_18s_15s_33_3_U0  |fir_hw_mul_18s_15s_33_3  |        0|      1|  0|   0|
    +----------------------------+-------------------------+---------+-------+---+----+
    |Total                       |                         |        0|      1|  0|   0|
    +----------------------------+-------------------------+---------+-------+---+----+

    * Memory: 
    +--------------+-------------------+---------+---+----+------+-----+------+-------------+
    |    Memory    |       Module      | BRAM_18K| FF| LUT| Words| Bits| Banks| W*Bits*Banks|
    +--------------+-------------------+---------+---+----+------+-----+------+-------------+
    |coeff_hw_V_U  |fir_hw_coeff_hw_V  |        1|  0|   0|   128|   15|     1|         1920|
    |smpl_V_U      |fir_hw_smpl_V      |        1|  0|   0|   128|   18|     1|         2304|
    +--------------+-------------------+---------+---+----+------+-----+------+-------------+
    |Total         |                   |        2|  0|   0|   256|   33|     2|         4224|
    +--------------+-------------------+---------+---+----+------+-----+------+-------------+

    * FIFO: 
    N/A

    * Expression: 
    +--------------------------------+----------+-------+---+----+------------+------------+
    |          Variable Name         | Operation| DSP48A| FF| LUT| Bitwidth P0| Bitwidth P1|
    +--------------------------------+----------+-------+---+----+------------+------------+
    |i_1_fu_183_p2                   |     +    |      0|  0|   7|           7|           1|
    |i_2_fu_205_p2                   |     +    |      0|  0|   8|           8|           1|
    |p_Val2_2_fu_300_p2              |     +    |      0|  0|  18|          18|          18|
    |deleted_ones_fu_392_p3          |  Select  |      0|  0|   1|           1|           1|
    |deleted_zeros_fu_372_p3         |  Select  |      0|  0|   1|           1|           1|
    |p_Val2_5_fu_506_p3              |  Select  |      0|  0|  18|           1|          18|
    |p_Val2_5_mux_fu_499_p3          |  Select  |      0|  0|  18|           1|          17|
    |res_V                           |  Select  |      0|  0|  18|           1|          18|
    |brmerge40_demorgan_i_fu_418_p2  |    and   |      0|  0|   1|           1|           1|
    |carry_fu_320_p2                 |    and   |      0|  0|   1|           1|           1|
    |overflow_fu_465_p2              |    and   |      0|  0|   1|           1|           1|
    |p_38_i_fu_400_p2                |    and   |      0|  0|   1|           1|           1|
    |p_41_i_fu_386_p2                |    and   |      0|  0|   1|           1|           1|
    |qb_assign_1_fu_249_p2           |    and   |      0|  0|   1|           1|           1|
    |tmp2_fu_470_p2                  |    and   |      0|  0|   1|           1|           1|
    |underflow_fu_475_p2             |    and   |      0|  0|   1|           1|           1|
    |Range1_all_ones_fu_360_p2       |   icmp   |      0|  0|   3|           4|           2|
    |Range1_all_zeros_fu_366_p2      |   icmp   |      0|  0|   3|           4|           1|
    |Range2_all_ones_fu_344_p2       |   icmp   |      0|  0|   3|           3|           2|
    |exitcond1_fu_177_p2             |   icmp   |      0|  0|   6|           7|           2|
    |exitcond_fu_199_p2              |   icmp   |      0|  0|   8|           8|           9|
    |r_fu_229_p2                     |   icmp   |      0|  0|  18|          16|           1|
    |tmp_5_fu_434_p2                 |   icmp   |      0|  0|  19|          17|           1|
    |brmerge_fu_493_p2               |    or    |      0|  0|   1|           1|           1|
    |brmerge_i_fu_412_p2             |    or    |      0|  0|   1|           1|           1|
    |brmerge_i_i_fu_481_p2           |    or    |      0|  0|   1|           1|           1|
    |r_i_i_fu_243_p2                 |    or    |      0|  0|   1|           1|           1|
    |tmp_10_fu_440_p2                |    or    |      0|  0|   1|           1|           1|
    |brmerge40_i_fu_424_p2           |    xor   |      0|  0|   2|           1|           2|
    |p_not_i_fu_406_p2               |    xor   |      0|  0|   2|           1|           2|
    |tmp_3_fu_459_p2                 |    xor   |      0|  0|   2|           1|           2|
    |tmp_6_fu_314_p2                 |    xor   |      0|  0|   2|           1|           2|
    |tmp_7_fu_380_p2                 |    xor   |      0|  0|   2|           1|           2|
    |tmp_8_fu_454_p2                 |    xor   |      0|  0|   2|           1|           2|
    |underflow_2_not_fu_487_p2       |    xor   |      0|  0|   2|           1|           2|
    +--------------------------------+----------+-------+---+----+------------+------------+
    |Total                           |          |      0|  0| 176|         117|         120|
    +--------------------------------+----------+-------+---+----+------------+------------+

    * Multiplexer: 
    +------------------+----+-----------+-----+-----------+
    |       Name       | LUT| Input Size| Bits| Total Bits|
    +------------------+----+-----------+-----+-----------+
    |ap_NS_fsm         |   4|         10|    1|         10|
    |i1_reg_166        |   8|          2|    8|         16|
    |i_reg_142         |   7|          2|    7|         14|
    |p_Val2_s_reg_154  |  39|          2|   39|         78|
    |smpl_V_address0   |   7|          5|    7|         35|
    |smpl_V_d0         |  18|          3|   18|         54|
    +------------------+----+-----------+-----+-----------+
    |Total             |  83|         24|   80|        207|
    +------------------+----+-----------+-----+-----------+

    * Register: 
    +---------------------+----+----+-----+-----------+
    |         Name        | FF | LUT| Bits| Const Bits|
    +---------------------+----+----+-----+-----------+
    |ap_CS_fsm            |   9|   0|    9|          0|
    |brmerge_i_reg_584    |   1|   0|    1|          0|
    |i1_reg_166           |   8|   0|    8|          0|
    |i_1_reg_525          |   7|   0|    7|          0|
    |i_2_reg_538          |   8|   0|    8|          0|
    |i_reg_142            |   7|   0|    7|          0|
    |p_38_i_reg_579       |   1|   0|    1|          0|
    |p_Val2_2_reg_573     |  18|   0|   18|          0|
    |p_Val2_s_reg_154     |  39|   0|   39|          0|
    |qb_assign_1_reg_553  |   1|   0|    1|          0|
    |tmp_10_reg_589       |   1|   0|    1|          0|
    +---------------------+----+----+-----+-----------+
    |Total                | 100|   0|  100|          0|
    +---------------------+----+----+-----+-----------+



================================================================
== Interface
================================================================
* Summary: 
+--------------+-----+-----+------------+--------------+--------------+
|   RTL Ports  | Dir | Bits|  Protocol  | Source Object|    C Type    |
+--------------+-----+-----+------------+--------------+--------------+
|ap_clk        |  in |    1| ap_ctrl_hs |    fir_hw    | return value |
|ap_rst        |  in |    1| ap_ctrl_hs |    fir_hw    | return value |
|ap_start      |  in |    1| ap_ctrl_hs |    fir_hw    | return value |
|ap_done       | out |    1| ap_ctrl_hs |    fir_hw    | return value |
|ap_idle       | out |    1| ap_ctrl_hs |    fir_hw    | return value |
|ap_ready      | out |    1| ap_ctrl_hs |    fir_hw    | return value |
|input_V       |  in |   18|   ap_none  |    input_V   |    pointer   |
|res_V         | out |   18|   ap_vld   |     res_V    |    pointer   |
|res_V_ap_vld  | out |    1|   ap_vld   |     res_V    |    pointer   |
+--------------+-----+-----+------------+--------------+--------------+

